\BOOKMARK [1][-]{section.1}{Introduction}{}% 1
\BOOKMARK [1][-]{section.2}{Variables}{}% 2
\BOOKMARK [2][-]{subsection.2.1}{Variables \205 datatypes}{section.2}% 3
\BOOKMARK [1][-]{section.3}{Inputs and Formatting}{}% 4
\BOOKMARK [1][-]{section.4}{Commenting}{}% 5
\BOOKMARK [1][-]{section.5}{Casting}{}% 6
\BOOKMARK [1][-]{section.6}{Dinner Order - Basic Program - Design and Build}{}% 7
\BOOKMARK [2][-]{subsubsection.6.0.1}{Planning and Testing}{section.6}% 8
\BOOKMARK [2][-]{subsection.6.1}{Strawberry picking}{section.6}% 9
\BOOKMARK [1][-]{section.7}{Conditions}{}% 10
\BOOKMARK [2][-]{subsection.7.1}{Activities \(conditions\) }{section.7}% 11
\BOOKMARK [3][-]{subsubsection.7.1.1}{Solutions}{subsection.7.1}% 12
\BOOKMARK [1][-]{section.8}{Random numbers}{}% 13
\BOOKMARK [1][-]{section.9}{Program using conditions and random numbers}{}% 14
\BOOKMARK [2][-]{subsection.9.1}{Higher Lower}{section.9}% 15
\BOOKMARK [1][-]{section.10}{Loops}{}% 16
\BOOKMARK [2][-]{subsection.10.1}{Activities - improving previously made programs}{section.10}% 17
\BOOKMARK [2][-]{subsection.10.2}{Higher Lower Game}{section.10}% 18
\BOOKMARK [3][-]{subsubsection.10.2.1}{Program}{subsection.10.2}% 19
\BOOKMARK [3][-]{subsubsection.10.2.2}{Planning, Developing, Testing}{subsection.10.2}% 20
\BOOKMARK [1][-]{section.11}{Functions}{}% 21
\BOOKMARK [2][-]{subsection.11.1}{Developing the maths functions into a little quiz}{section.11}% 22
\BOOKMARK [1][-]{section.12}{Validation}{}% 23
\BOOKMARK [2][-]{subsection.12.1}{Integer Validation}{section.12}% 24
\BOOKMARK [2][-]{subsection.12.2}{String Validation}{section.12}% 25
\BOOKMARK [1][-]{section.13}{Lists}{}% 26
\BOOKMARK [1][-]{section.14}{Lists and Loops}{}% 27
\BOOKMARK [2][-]{subsection.14.1}{Creating and modifying a class group}{section.14}% 28
\BOOKMARK [2][-]{subsection.14.2}{Lucky Unicorn Game}{section.14}% 29
\BOOKMARK [3][-]{subsubsection.14.2.1}{Program}{subsection.14.2}% 30
\BOOKMARK [3][-]{subsubsection.14.2.2}{Planning: Iterative Processes}{subsection.14.2}% 31
\BOOKMARK [1][-]{section.15}{Code Examples}{}% 32
\BOOKMARK [2][-]{subsection.15.1}{Dinner Order}{section.15}% 33
\BOOKMARK [2][-]{subsection.15.2}{Strawberry Picking}{section.15}% 34
\BOOKMARK [2][-]{subsection.15.3}{Guess greater, less or equal}{section.15}% 35
\BOOKMARK [2][-]{subsection.15.4}{Higher Lower Game}{section.15}% 36
\BOOKMARK [1][-]{section.16}{Testing}{}% 37
\BOOKMARK [1][-]{section.17}{Dictionaries}{}% 38
\BOOKMARK [1][-]{section.18}{Coffee}{}% 39
\BOOKMARK [1][-]{section.19}{Tests}{}% 40
\BOOKMARK [1][-]{section.20}{Strings}{}% 41
\BOOKMARK [1][-]{section.21}{Objects}{}% 42
\BOOKMARK [1][-]{section.22}{Extension}{}% 43
\BOOKMARK [2][-]{subsection.22.1}{Basics}{section.22}% 44
\BOOKMARK [2][-]{subsection.22.2}{Some foundations}{section.22}% 45
\BOOKMARK [2][-]{subsection.22.3}{Sorting}{section.22}% 46
