\BOOKMARK [1][-]{section.1}{Introduction}{}% 1
\BOOKMARK [1][-]{section.2}{Dinner Order - Basic Program - Design and Build}{}% 2
\BOOKMARK [2][-]{subsubsection.2.0.1}{Planning}{section.2}% 3
\BOOKMARK [2][-]{subsection.2.1}{Strawberry picking}{section.2}% 4
\BOOKMARK [1][-]{section.3}{Conditions - Activities}{}% 5
\BOOKMARK [1][-]{section.4}{Guess greater , less or equal.}{}% 6
\BOOKMARK [1][-]{section.5}{Loop Activities - improving previously made programs}{}% 7
\BOOKMARK [2][-]{subsection.5.1}{Higher Lower Game}{section.5}% 8
\BOOKMARK [3][-]{subsubsection.5.1.1}{Program}{subsection.5.1}% 9
\BOOKMARK [3][-]{subsubsection.5.1.2}{Planning}{subsection.5.1}% 10
\BOOKMARK [1][-]{section.6}{Validation}{}% 11
\BOOKMARK [2][-]{subsection.6.1}{Integer Validation}{section.6}% 12
\BOOKMARK [2][-]{subsection.6.2}{String Validation}{section.6}% 13
\BOOKMARK [1][-]{section.7}{Lists}{}% 14
\BOOKMARK [1][-]{section.8}{Lists and Loops}{}% 15
\BOOKMARK [2][-]{subsection.8.1}{Creating and modifying a class group}{section.8}% 16
\BOOKMARK [2][-]{subsection.8.2}{Lucky Unicorn Game}{section.8}% 17
\BOOKMARK [3][-]{subsubsection.8.2.1}{Program}{subsection.8.2}% 18
\BOOKMARK [3][-]{subsubsection.8.2.2}{Planning: Iterative Processes}{subsection.8.2}% 19
\BOOKMARK [1][-]{section.9}{Functions}{}% 20
\BOOKMARK [1][-]{section.10}{Testing}{}% 21
\BOOKMARK [1][-]{section.11}{Dictionaries}{}% 22
\BOOKMARK [1][-]{section.12}{Coffee}{}% 23
\BOOKMARK [1][-]{section.13}{Tests}{}% 24
\BOOKMARK [1][-]{section.14}{Strings}{}% 25
\BOOKMARK [1][-]{section.15}{Objects}{}% 26
